Base path: 'C:/Program Files/Unity/Hub/Editor/2019.4.10f1/Editor/Data', plugins path 'C:/Program Files/Unity/Hub/Editor/2019.4.10f1/Editor/Data/PlaybackEngines'
Cmd: initializeCompiler
Cmd: compileSnippet
  api=4 type=0 insize=1582 outsize=690 kw= pd=UNITY_ENABLE_REFLECTION_BUFFERS UNITY_USE_DITHER_MASK_FOR_ALPHABLENDED_SHADOWS UNITY_PBS_USE_BRDF1 UNITY_SPECCUBE_BOX_PROJECTION UNITY_SPECCUBE_BLENDING UNITY_ENABLE_DETAIL_NORMALMAP SHADER_API_DESKTOP UNITY_LIGHT_PROBE_PROXY_VOLUME UNITY_LIGHTMAP_RGBM_ENCODING ok=1
Cmd: compileSnippet
  api=4 type=1 insize=1582 outsize=354 kw= pd=UNITY_ENABLE_REFLECTION_BUFFERS UNITY_USE_DITHER_MASK_FOR_ALPHABLENDED_SHADOWS UNITY_PBS_USE_BRDF1 UNITY_SPECCUBE_BOX_PROJECTION UNITY_SPECCUBE_BLENDING UNITY_ENABLE_DETAIL_NORMALMAP SHADER_API_DESKTOP UNITY_LIGHT_PROBE_PROXY_VOLUME UNITY_LIGHTMAP_RGBM_ENCODING ok=1
Cmd: compileSnippet
  api=4 type=0 insize=1153 outsize=1150 kw=UNITY_PASS_SHADOWCASTER pd=UNITY_ENABLE_REFLECTION_BUFFERS UNITY_USE_DITHER_MASK_FOR_ALPHABLENDED_SHADOWS UNITY_PBS_USE_BRDF1 UNITY_SPECCUBE_BOX_PROJECTION UNITY_SPECCUBE_BLENDING UNITY_ENABLE_DETAIL_NORMALMAP SHADER_API_DESKTOP UNITY_LIGHT_PROBE_PROXY_VOLUME UNITY_LIGHTMAP_RGBM_ENCODING ok=1
Cmd: compileSnippet
  api=4 type=1 insize=1153 outsize=254 kw=UNITY_PASS_SHADOWCASTER pd=UNITY_ENABLE_REFLECTION_BUFFERS UNITY_USE_DITHER_MASK_FOR_ALPHABLENDED_SHADOWS UNITY_PBS_USE_BRDF1 UNITY_SPECCUBE_BOX_PROJECTION UNITY_SPECCUBE_BLENDING UNITY_ENABLE_DETAIL_NORMALMAP SHADER_API_DESKTOP UNITY_LIGHT_PROBE_PROXY_VOLUME UNITY_LIGHTMAP_RGBM_ENCODING ok=1
Cmd: compileSnippet
  api=4 type=0 insize=1341 outsize=790 kw= pd=UNITY_ENABLE_REFLECTION_BUFFERS UNITY_USE_DITHER_MASK_FOR_ALPHABLENDED_SHADOWS UNITY_PBS_USE_BRDF1 UNITY_SPECCUBE_BOX_PROJECTION UNITY_SPECCUBE_BLENDING UNITY_ENABLE_DETAIL_NORMALMAP SHADER_API_DESKTOP UNITY_LIGHT_PROBE_PROXY_VOLUME UNITY_LIGHTMAP_RGBM_ENCODING ok=1
Cmd: compileSnippet
  api=4 type=1 insize=1341 outsize=402 kw= pd=UNITY_ENABLE_REFLECTION_BUFFERS UNITY_USE_DITHER_MASK_FOR_ALPHABLENDED_SHADOWS UNITY_PBS_USE_BRDF1 UNITY_SPECCUBE_BOX_PROJECTION UNITY_SPECCUBE_BLENDING UNITY_ENABLE_DETAIL_NORMALMAP SHADER_API_DESKTOP UNITY_LIGHT_PROBE_PROXY_VOLUME UNITY_LIGHTMAP_RGBM_ENCODING ok=1
Cmd: compileSnippet
  api=4 type=0 insize=2364 outsize=1774 kw=_ADDITIONAL_LIGHTS _NORMALMAP _METALLICSPECGLOSSMAP _OCCLUSIONMAP pd=UNITY_ENABLE_REFLECTION_BUFFERS UNITY_USE_DITHER_MASK_FOR_ALPHABLENDED_SHADOWS UNITY_PBS_USE_BRDF1 UNITY_SPECCUBE_BOX_PROJECTION UNITY_SPECCUBE_BLENDING UNITY_ENABLE_DETAIL_NORMALMAP SHADER_API_DESKTOP UNITY_LIGHT_PROBE_PROXY_VOLUME UNITY_LIGHTMAP_RGBM_ENCODING ok=1
Cmd: compileSnippet
  api=4 type=1 insize=2364 outsize=5298 kw=_ADDITIONAL_LIGHTS _NORMALMAP _METALLICSPECGLOSSMAP _OCCLUSIONMAP pd=UNITY_ENABLE_REFLECTION_BUFFERS UNITY_USE_DITHER_MASK_FOR_ALPHABLENDED_SHADOWS UNITY_PBS_USE_BRDF1 UNITY_SPECCUBE_BOX_PROJECTION UNITY_SPECCUBE_BLENDING UNITY_ENABLE_DETAIL_NORMALMAP SHADER_API_DESKTOP UNITY_LIGHT_PROBE_PROXY_VOLUME UNITY_LIGHTMAP_RGBM_ENCODING ok=1
Cmd: compileSnippet
  api=4 type=0 insize=2364 outsize=1774 kw=_ADDITIONAL_LIGHTS _NORMALMAP _METALLICSPECGLOSSMAP pd=UNITY_ENABLE_REFLECTION_BUFFERS UNITY_USE_DITHER_MASK_FOR_ALPHABLENDED_SHADOWS UNITY_PBS_USE_BRDF1 UNITY_SPECCUBE_BOX_PROJECTION UNITY_SPECCUBE_BLENDING UNITY_ENABLE_DETAIL_NORMALMAP SHADER_API_DESKTOP UNITY_LIGHT_PROBE_PROXY_VOLUME UNITY_LIGHTMAP_RGBM_ENCODING ok=1
Cmd: compileSnippet
  api=4 type=1 insize=2364 outsize=5102 kw=_ADDITIONAL_LIGHTS _NORMALMAP _METALLICSPECGLOSSMAP pd=UNITY_ENABLE_REFLECTION_BUFFERS UNITY_USE_DITHER_MASK_FOR_ALPHABLENDED_SHADOWS UNITY_PBS_USE_BRDF1 UNITY_SPECCUBE_BOX_PROJECTION UNITY_SPECCUBE_BLENDING UNITY_ENABLE_DETAIL_NORMALMAP SHADER_API_DESKTOP UNITY_LIGHT_PROBE_PROXY_VOLUME UNITY_LIGHTMAP_RGBM_ENCODING ok=1
Cmd: preprocessCompute
  insize=6533 outsize=6535 ok=1
Cmd: compileComputeKernel
  api=4 insize=6535 outsize=2189 ok=1
Cmd: preprocessCompute
  insize=5804 outsize=5806 ok=1
Cmd: compileComputeKernel
  api=4 insize=5806 outsize=1402 ok=1
Cmd: preprocess
  insize=40461 outsize=617 ok=1
Cmd: compileSnippet
  api=4 type=0 insize=2364 outsize=1762 kw=_ADDITIONAL_LIGHTS _ALPHAPREMULTIPLY_ON pd=UNITY_ENABLE_REFLECTION_BUFFERS UNITY_USE_DITHER_MASK_FOR_ALPHABLENDED_SHADOWS UNITY_PBS_USE_BRDF1 UNITY_SPECCUBE_BOX_PROJECTION UNITY_SPECCUBE_BLENDING UNITY_ENABLE_DETAIL_NORMALMAP SHADER_API_DESKTOP UNITY_LIGHT_PROBE_PROXY_VOLUME UNITY_LIGHTMAP_RGBM_ENCODING ok=1
Cmd: compileSnippet
  api=4 type=1 insize=2364 outsize=4126 kw=_ADDITIONAL_LIGHTS _ALPHAPREMULTIPLY_ON pd=UNITY_ENABLE_REFLECTION_BUFFERS UNITY_USE_DITHER_MASK_FOR_ALPHABLENDED_SHADOWS UNITY_PBS_USE_BRDF1 UNITY_SPECCUBE_BOX_PROJECTION UNITY_SPECCUBE_BLENDING UNITY_ENABLE_DETAIL_NORMALMAP SHADER_API_DESKTOP UNITY_LIGHT_PROBE_PROXY_VOLUME UNITY_LIGHTMAP_RGBM_ENCODING ok=1
Cmd: compileSnippet
  api=4 type=0 insize=1153 outsize=1150 kw=UNITY_PASS_SHADOWCASTER _SMOOTHNESS_TEXTURE_ALBEDO_CHANNEL_A pd=UNITY_ENABLE_REFLECTION_BUFFERS UNITY_USE_DITHER_MASK_FOR_ALPHABLENDED_SHADOWS UNITY_PBS_USE_BRDF1 UNITY_SPECCUBE_BOX_PROJECTION UNITY_SPECCUBE_BLENDING UNITY_ENABLE_DETAIL_NORMALMAP SHADER_API_DESKTOP UNITY_LIGHT_PROBE_PROXY_VOLUME UNITY_LIGHTMAP_RGBM_ENCODING ok=1
Cmd: compileSnippet
  api=4 type=1 insize=1153 outsize=254 kw=UNITY_PASS_SHADOWCASTER _SMOOTHNESS_TEXTURE_ALBEDO_CHANNEL_A pd=UNITY_ENABLE_REFLECTION_BUFFERS UNITY_USE_DITHER_MASK_FOR_ALPHABLENDED_SHADOWS UNITY_PBS_USE_BRDF1 UNITY_SPECCUBE_BOX_PROJECTION UNITY_SPECCUBE_BLENDING UNITY_ENABLE_DETAIL_NORMALMAP SHADER_API_DESKTOP UNITY_LIGHT_PROBE_PROXY_VOLUME UNITY_LIGHTMAP_RGBM_ENCODING ok=1
Cmd: compileSnippet
  api=4 type=0 insize=2364 outsize=1774 kw=_ADDITIONAL_LIGHTS _NORMALMAP _SMOOTHNESS_TEXTURE_ALBEDO_CHANNEL_A pd=UNITY_ENABLE_REFLECTION_BUFFERS UNITY_USE_DITHER_MASK_FOR_ALPHABLENDED_SHADOWS UNITY_PBS_USE_BRDF1 UNITY_SPECCUBE_BOX_PROJECTION UNITY_SPECCUBE_BLENDING UNITY_ENABLE_DETAIL_NORMALMAP SHADER_API_DESKTOP UNITY_LIGHT_PROBE_PROXY_VOLUME UNITY_LIGHTMAP_RGBM_ENCODING ok=1
Cmd: compileSnippet
  api=4 type=1 insize=2364 outsize=5038 kw=_ADDITIONAL_LIGHTS _NORMALMAP _SMOOTHNESS_TEXTURE_ALBEDO_CHANNEL_A pd=UNITY_ENABLE_REFLECTION_BUFFERS UNITY_USE_DITHER_MASK_FOR_ALPHABLENDED_SHADOWS UNITY_PBS_USE_BRDF1 UNITY_SPECCUBE_BOX_PROJECTION UNITY_SPECCUBE_BLENDING UNITY_ENABLE_DETAIL_NORMALMAP SHADER_API_DESKTOP UNITY_LIGHT_PROBE_PROXY_VOLUME UNITY_LIGHTMAP_RGBM_ENCODING ok=1
Cmd: compileSnippet
  api=4 type=0 insize=2364 outsize=1762 kw=_ADDITIONAL_LIGHTS _METALLICSPECGLOSSMAP _OCCLUSIONMAP pd=UNITY_ENABLE_REFLECTION_BUFFERS UNITY_USE_DITHER_MASK_FOR_ALPHABLENDED_SHADOWS UNITY_PBS_USE_BRDF1 UNITY_SPECCUBE_BOX_PROJECTION UNITY_SPECCUBE_BLENDING UNITY_ENABLE_DETAIL_NORMALMAP SHADER_API_DESKTOP UNITY_LIGHT_PROBE_PROXY_VOLUME UNITY_LIGHTMAP_RGBM_ENCODING ok=1
Cmd: compileSnippet
  api=4 type=1 insize=2364 outsize=4406 kw=_ADDITIONAL_LIGHTS _METALLICSPECGLOSSMAP _OCCLUSIONMAP pd=UNITY_ENABLE_REFLECTION_BUFFERS UNITY_USE_DITHER_MASK_FOR_ALPHABLENDED_SHADOWS UNITY_PBS_USE_BRDF1 UNITY_SPECCUBE_BOX_PROJECTION UNITY_SPECCUBE_BLENDING UNITY_ENABLE_DETAIL_NORMALMAP SHADER_API_DESKTOP UNITY_LIGHT_PROBE_PROXY_VOLUME UNITY_LIGHTMAP_RGBM_ENCODING ok=1
Cmd: compileSnippet
  api=4 type=0 insize=2364 outsize=1762 kw=_EMISSION _ADDITIONAL_LIGHTS pd=UNITY_ENABLE_REFLECTION_BUFFERS UNITY_USE_DITHER_MASK_FOR_ALPHABLENDED_SHADOWS UNITY_PBS_USE_BRDF1 UNITY_SPECCUBE_BOX_PROJECTION UNITY_SPECCUBE_BLENDING UNITY_ENABLE_DETAIL_NORMALMAP SHADER_API_DESKTOP UNITY_LIGHT_PROBE_PROXY_VOLUME UNITY_LIGHTMAP_RGBM_ENCODING ok=1
Cmd: compileSnippet
  api=4 type=1 insize=2364 outsize=4222 kw=_EMISSION _ADDITIONAL_LIGHTS pd=UNITY_ENABLE_REFLECTION_BUFFERS UNITY_USE_DITHER_MASK_FOR_ALPHABLENDED_SHADOWS UNITY_PBS_USE_BRDF1 UNITY_SPECCUBE_BOX_PROJECTION UNITY_SPECCUBE_BLENDING UNITY_ENABLE_DETAIL_NORMALMAP SHADER_API_DESKTOP UNITY_LIGHT_PROBE_PROXY_VOLUME UNITY_LIGHTMAP_RGBM_ENCODING ok=1
Cmd: compileSnippet
  api=4 type=0 insize=2364 outsize=1762 kw=_ADDITIONAL_LIGHTS _SMOOTHNESS_TEXTURE_ALBEDO_CHANNEL_A pd=UNITY_ENABLE_REFLECTION_BUFFERS UNITY_USE_DITHER_MASK_FOR_ALPHABLENDED_SHADOWS UNITY_PBS_USE_BRDF1 UNITY_SPECCUBE_BOX_PROJECTION UNITY_SPECCUBE_BLENDING UNITY_ENABLE_DETAIL_NORMALMAP SHADER_API_DESKTOP UNITY_LIGHT_PROBE_PROXY_VOLUME UNITY_LIGHTMAP_RGBM_ENCODING ok=1
Cmd: compileSnippet
  api=4 type=1 insize=2364 outsize=4146 kw=_ADDITIONAL_LIGHTS _SMOOTHNESS_TEXTURE_ALBEDO_CHANNEL_A pd=UNITY_ENABLE_REFLECTION_BUFFERS UNITY_USE_DITHER_MASK_FOR_ALPHABLENDED_SHADOWS UNITY_PBS_USE_BRDF1 UNITY_SPECCUBE_BOX_PROJECTION UNITY_SPECCUBE_BLENDING UNITY_ENABLE_DETAIL_NORMALMAP SHADER_API_DESKTOP UNITY_LIGHT_PROBE_PROXY_VOLUME UNITY_LIGHTMAP_RGBM_ENCODING ok=1
Cmd: compileSnippet
  api=4 type=0 insize=16577 outsize=5622 kw=_SUNDISK_HIGH_QUALITY pd=UNITY_ENABLE_REFLECTION_BUFFERS UNITY_USE_DITHER_MASK_FOR_ALPHABLENDED_SHADOWS UNITY_PBS_USE_BRDF1 UNITY_SPECCUBE_BOX_PROJECTION UNITY_SPECCUBE_BLENDING UNITY_ENABLE_DETAIL_NORMALMAP SHADER_API_DESKTOP UNITY_LIGHT_PROBE_PROXY_VOLUME UNITY_LIGHTMAP_RGBM_ENCODING ok=1
Cmd: compileSnippet
  api=4 type=1 insize=16577 outsize=1094 kw=_SUNDISK_HIGH_QUALITY pd=UNITY_ENABLE_REFLECTION_BUFFERS UNITY_USE_DITHER_MASK_FOR_ALPHABLENDED_SHADOWS UNITY_PBS_USE_BRDF1 UNITY_SPECCUBE_BOX_PROJECTION UNITY_SPECCUBE_BLENDING UNITY_ENABLE_DETAIL_NORMALMAP SHADER_API_DESKTOP UNITY_LIGHT_PROBE_PROXY_VOLUME UNITY_LIGHTMAP_RGBM_ENCODING ok=1
Cmd: compileSnippet
  api=4 type=0 insize=2364 outsize=1762 kw=_ADDITIONAL_LIGHTS pd=UNITY_ENABLE_REFLECTION_BUFFERS UNITY_USE_DITHER_MASK_FOR_ALPHABLENDED_SHADOWS UNITY_PBS_USE_BRDF1 UNITY_SPECCUBE_BOX_PROJECTION UNITY_SPECCUBE_BLENDING UNITY_ENABLE_DETAIL_NORMALMAP SHADER_API_DESKTOP UNITY_LIGHT_PROBE_PROXY_VOLUME UNITY_LIGHTMAP_RGBM_ENCODING ok=1
Cmd: compileSnippet
  api=4 type=1 insize=2364 outsize=4138 kw=_ADDITIONAL_LIGHTS pd=UNITY_ENABLE_REFLECTION_BUFFERS UNITY_USE_DITHER_MASK_FOR_ALPHABLENDED_SHADOWS UNITY_PBS_USE_BRDF1 UNITY_SPECCUBE_BOX_PROJECTION UNITY_SPECCUBE_BLENDING UNITY_ENABLE_DETAIL_NORMALMAP SHADER_API_DESKTOP UNITY_LIGHT_PROBE_PROXY_VOLUME UNITY_LIGHTMAP_RGBM_ENCODING ok=1
Cmd: compileSnippet
  api=4 type=0 insize=1368 outsize=538 kw= pd=UNITY_ENABLE_REFLECTION_BUFFERS UNITY_USE_DITHER_MASK_FOR_ALPHABLENDED_SHADOWS UNITY_PBS_USE_BRDF1 UNITY_SPECCUBE_BOX_PROJECTION UNITY_SPECCUBE_BLENDING UNITY_ENABLE_DETAIL_NORMALMAP SHADER_API_DESKTOP UNITY_LIGHT_PROBE_PROXY_VOLUME UNITY_LIGHTMAP_RGBM_ENCODING ok=1
Cmd: compileSnippet
  api=4 type=1 insize=1368 outsize=218 kw= pd=UNITY_ENABLE_REFLECTION_BUFFERS UNITY_USE_DITHER_MASK_FOR_ALPHABLENDED_SHADOWS UNITY_PBS_USE_BRDF1 UNITY_SPECCUBE_BOX_PROJECTION UNITY_SPECCUBE_BLENDING UNITY_ENABLE_DETAIL_NORMALMAP SHADER_API_DESKTOP UNITY_LIGHT_PROBE_PROXY_VOLUME UNITY_LIGHTMAP_RGBM_ENCODING ok=1
Cmd: preprocess
  insize=68803 outsize=3372 ok=1
Cmd: compileSnippet
  api=4 type=0 insize=8526 outsize=1026 kw=UNITY_PASS_SHADOWCASTER pd=UNITY_ENABLE_REFLECTION_BUFFERS UNITY_USE_DITHER_MASK_FOR_ALPHABLENDED_SHADOWS UNITY_PBS_USE_BRDF1 UNITY_SPECCUBE_BOX_PROJECTION UNITY_SPECCUBE_BLENDING UNITY_ENABLE_DETAIL_NORMALMAP SHADER_API_DESKTOP UNITY_LIGHT_PROBE_PROXY_VOLUME UNITY_LIGHTMAP_RGBM_ENCODING ok=1
Cmd: compileSnippet
  api=4 type=1 insize=8526 outsize=218 kw=UNITY_PASS_SHADOWCASTER pd=UNITY_ENABLE_REFLECTION_BUFFERS UNITY_USE_DITHER_MASK_FOR_ALPHABLENDED_SHADOWS UNITY_PBS_USE_BRDF1 UNITY_SPECCUBE_BOX_PROJECTION UNITY_SPECCUBE_BLENDING UNITY_ENABLE_DETAIL_NORMALMAP SHADER_API_DESKTOP UNITY_LIGHT_PROBE_PROXY_VOLUME UNITY_LIGHTMAP_RGBM_ENCODING ok=1
Cmd: compileSnippet
  api=4 type=0 insize=20255 outsize=1662 kw=_ADDITIONAL_LIGHTS pd=UNITY_ENABLE_REFLECTION_BUFFERS UNITY_USE_DITHER_MASK_FOR_ALPHABLENDED_SHADOWS UNITY_PBS_USE_BRDF1 UNITY_SPECCUBE_BOX_PROJECTION UNITY_SPECCUBE_BLENDING UNITY_ENABLE_DETAIL_NORMALMAP SHADER_API_DESKTOP UNITY_LIGHT_PROBE_PROXY_VOLUME UNITY_LIGHTMAP_RGBM_ENCODING ok=1
Cmd: compileSnippet
  api=4 type=1 insize=20255 outsize=6018 kw=_ADDITIONAL_LIGHTS pd=UNITY_ENABLE_REFLECTION_BUFFERS UNITY_USE_DITHER_MASK_FOR_ALPHABLENDED_SHADOWS UNITY_PBS_USE_BRDF1 UNITY_SPECCUBE_BOX_PROJECTION UNITY_SPECCUBE_BLENDING UNITY_ENABLE_DETAIL_NORMALMAP SHADER_API_DESKTOP UNITY_LIGHT_PROBE_PROXY_VOLUME UNITY_LIGHTMAP_RGBM_ENCODING ok=1
Cmd: compileSnippet
  api=4 type=0 insize=5029 outsize=1138 kw= pd=UNITY_ENABLE_REFLECTION_BUFFERS UNITY_USE_DITHER_MASK_FOR_ALPHABLENDED_SHADOWS UNITY_PBS_USE_BRDF1 UNITY_SPECCUBE_BOX_PROJECTION UNITY_SPECCUBE_BLENDING UNITY_ENABLE_DETAIL_NORMALMAP SHADER_API_DESKTOP UNITY_LIGHT_PROBE_PROXY_VOLUME UNITY_LIGHTMAP_RGBM_ENCODING ok=1
Cmd: compileSnippet
  api=4 type=1 insize=5029 outsize=3534 kw= pd=UNITY_ENABLE_REFLECTION_BUFFERS UNITY_USE_DITHER_MASK_FOR_ALPHABLENDED_SHADOWS UNITY_PBS_USE_BRDF1 UNITY_SPECCUBE_BOX_PROJECTION UNITY_SPECCUBE_BLENDING UNITY_ENABLE_DETAIL_NORMALMAP SHADER_API_DESKTOP UNITY_LIGHT_PROBE_PROXY_VOLUME UNITY_LIGHTMAP_RGBM_ENCODING ok=1
Cmd: compileSnippet
  api=4 type=0 insize=5029 outsize=1138 kw= pd=UNITY_ENABLE_REFLECTION_BUFFERS UNITY_USE_DITHER_MASK_FOR_ALPHABLENDED_SHADOWS UNITY_PBS_USE_BRDF1 UNITY_SPECCUBE_BOX_PROJECTION UNITY_SPECCUBE_BLENDING UNITY_ENABLE_DETAIL_NORMALMAP SHADER_API_DESKTOP UNITY_LIGHT_PROBE_PROXY_VOLUME UNITY_LIGHTMAP_RGBM_ENCODING ok=1
Cmd: compileSnippet
  api=4 type=1 insize=5029 outsize=3534 kw= pd=UNITY_ENABLE_REFLECTION_BUFFERS UNITY_USE_DITHER_MASK_FOR_ALPHABLENDED_SHADOWS UNITY_PBS_USE_BRDF1 UNITY_SPECCUBE_BOX_PROJECTION UNITY_SPECCUBE_BLENDING UNITY_ENABLE_DETAIL_NORMALMAP SHADER_API_DESKTOP UNITY_LIGHT_PROBE_PROXY_VOLUME UNITY_LIGHTMAP_RGBM_ENCODING ok=1
Cmd: compileSnippet
  api=4 type=0 insize=7853 outsize=1138 kw= pd=UNITY_ENABLE_REFLECTION_BUFFERS UNITY_USE_DITHER_MASK_FOR_ALPHABLENDED_SHADOWS UNITY_PBS_USE_BRDF1 UNITY_SPECCUBE_BOX_PROJECTION UNITY_SPECCUBE_BLENDING UNITY_ENABLE_DETAIL_NORMALMAP SHADER_API_DESKTOP UNITY_LIGHT_PROBE_PROXY_VOLUME UNITY_LIGHTMAP_RGBM_ENCODING ok=1
Cmd: compileSnippet
  api=4 type=1 insize=7853 outsize=4770 kw= pd=UNITY_ENABLE_REFLECTION_BUFFERS UNITY_USE_DITHER_MASK_FOR_ALPHABLENDED_SHADOWS UNITY_PBS_USE_BRDF1 UNITY_SPECCUBE_BOX_PROJECTION UNITY_SPECCUBE_BLENDING UNITY_ENABLE_DETAIL_NORMALMAP SHADER_API_DESKTOP UNITY_LIGHT_PROBE_PROXY_VOLUME UNITY_LIGHTMAP_RGBM_ENCODING ok=1
Cmd: compileSnippet
  api=4 type=0 insize=7853 outsize=1138 kw= pd=UNITY_ENABLE_REFLECTION_BUFFERS UNITY_USE_DITHER_MASK_FOR_ALPHABLENDED_SHADOWS UNITY_PBS_USE_BRDF1 UNITY_SPECCUBE_BOX_PROJECTION UNITY_SPECCUBE_BLENDING UNITY_ENABLE_DETAIL_NORMALMAP SHADER_API_DESKTOP UNITY_LIGHT_PROBE_PROXY_VOLUME UNITY_LIGHTMAP_RGBM_ENCODING ok=1
Cmd: compileSnippet
  api=4 type=1 insize=7853 outsize=4770 kw= pd=UNITY_ENABLE_REFLECTION_BUFFERS UNITY_USE_DITHER_MASK_FOR_ALPHABLENDED_SHADOWS UNITY_PBS_USE_BRDF1 UNITY_SPECCUBE_BOX_PROJECTION UNITY_SPECCUBE_BLENDING UNITY_ENABLE_DETAIL_NORMALMAP SHADER_API_DESKTOP UNITY_LIGHT_PROBE_PROXY_VOLUME UNITY_LIGHTMAP_RGBM_ENCODING ok=1
Cmd: compileSnippet
  api=4 type=0 insize=1341 outsize=790 kw= pd=UNITY_ENABLE_REFLECTION_BUFFERS UNITY_USE_DITHER_MASK_FOR_ALPHABLENDED_SHADOWS UNITY_PBS_USE_BRDF1 UNITY_SPECCUBE_BOX_PROJECTION UNITY_SPECCUBE_BLENDING UNITY_ENABLE_DETAIL_NORMALMAP SHADER_API_DESKTOP UNITY_LIGHT_PROBE_PROXY_VOLUME UNITY_LIGHTMAP_RGBM_ENCODING ok=1
Cmd: compileSnippet
  api=4 type=1 insize=1341 outsize=402 kw= pd=UNITY_ENABLE_REFLECTION_BUFFERS UNITY_USE_DITHER_MASK_FOR_ALPHABLENDED_SHADOWS UNITY_PBS_USE_BRDF1 UNITY_SPECCUBE_BOX_PROJECTION UNITY_SPECCUBE_BLENDING UNITY_ENABLE_DETAIL_NORMALMAP SHADER_API_DESKTOP UNITY_LIGHT_PROBE_PROXY_VOLUME UNITY_LIGHTMAP_RGBM_ENCODING ok=1
Cmd: compileSnippet
  api=4 type=0 insize=1878 outsize=1082 kw= pd=UNITY_ENABLE_REFLECTION_BUFFERS UNITY_USE_DITHER_MASK_FOR_ALPHABLENDED_SHADOWS UNITY_PBS_USE_BRDF1 UNITY_SPECCUBE_BOX_PROJECTION UNITY_SPECCUBE_BLENDING UNITY_ENABLE_DETAIL_NORMALMAP SHADER_API_DESKTOP UNITY_LIGHT_PROBE_PROXY_VOLUME UNITY_LIGHTMAP_RGBM_ENCODING ok=1
Cmd: compileSnippet
  api=4 type=1 insize=1878 outsize=778 kw= pd=UNITY_ENABLE_REFLECTION_BUFFERS UNITY_USE_DITHER_MASK_FOR_ALPHABLENDED_SHADOWS UNITY_PBS_USE_BRDF1 UNITY_SPECCUBE_BOX_PROJECTION UNITY_SPECCUBE_BLENDING UNITY_ENABLE_DETAIL_NORMALMAP SHADER_API_DESKTOP UNITY_LIGHT_PROBE_PROXY_VOLUME UNITY_LIGHTMAP_RGBM_ENCODING ok=1
Cmd: compileSnippet
  api=4 type=0 insize=1878 outsize=1082 kw= pd=UNITY_ENABLE_REFLECTION_BUFFERS UNITY_USE_DITHER_MASK_FOR_ALPHABLENDED_SHADOWS UNITY_PBS_USE_BRDF1 UNITY_SPECCUBE_BOX_PROJECTION UNITY_SPECCUBE_BLENDING UNITY_ENABLE_DETAIL_NORMALMAP SHADER_API_DESKTOP UNITY_LIGHT_PROBE_PROXY_VOLUME UNITY_LIGHTMAP_RGBM_ENCODING ok=1
Cmd: compileSnippet
  api=4 type=1 insize=1878 outsize=778 kw= pd=UNITY_ENABLE_REFLECTION_BUFFERS UNITY_USE_DITHER_MASK_FOR_ALPHABLENDED_SHADOWS UNITY_PBS_USE_BRDF1 UNITY_SPECCUBE_BOX_PROJECTION UNITY_SPECCUBE_BLENDING UNITY_ENABLE_DETAIL_NORMALMAP SHADER_API_DESKTOP UNITY_LIGHT_PROBE_PROXY_VOLUME UNITY_LIGHTMAP_RGBM_ENCODING ok=1
Cmd: compileSnippet
  api=4 type=0 insize=1842 outsize=1082 kw= pd=UNITY_ENABLE_REFLECTION_BUFFERS UNITY_USE_DITHER_MASK_FOR_ALPHABLENDED_SHADOWS UNITY_PBS_USE_BRDF1 UNITY_SPECCUBE_BOX_PROJECTION UNITY_SPECCUBE_BLENDING UNITY_ENABLE_DETAIL_NORMALMAP SHADER_API_DESKTOP UNITY_LIGHT_PROBE_PROXY_VOLUME UNITY_LIGHTMAP_RGBM_ENCODING ok=1
Cmd: compileSnippet
  api=4 type=1 insize=1842 outsize=798 kw= pd=UNITY_ENABLE_REFLECTION_BUFFERS UNITY_USE_DITHER_MASK_FOR_ALPHABLENDED_SHADOWS UNITY_PBS_USE_BRDF1 UNITY_SPECCUBE_BOX_PROJECTION UNITY_SPECCUBE_BLENDING UNITY_ENABLE_DETAIL_NORMALMAP SHADER_API_DESKTOP UNITY_LIGHT_PROBE_PROXY_VOLUME UNITY_LIGHTMAP_RGBM_ENCODING ok=1
Cmd: compileSnippet
  api=4 type=0 insize=1842 outsize=1082 kw= pd=UNITY_ENABLE_REFLECTION_BUFFERS UNITY_USE_DITHER_MASK_FOR_ALPHABLENDED_SHADOWS UNITY_PBS_USE_BRDF1 UNITY_SPECCUBE_BOX_PROJECTION UNITY_SPECCUBE_BLENDING UNITY_ENABLE_DETAIL_NORMALMAP SHADER_API_DESKTOP UNITY_LIGHT_PROBE_PROXY_VOLUME UNITY_LIGHTMAP_RGBM_ENCODING ok=1
Cmd: compileSnippet
  api=4 type=1 insize=1842 outsize=798 kw= pd=UNITY_ENABLE_REFLECTION_BUFFERS UNITY_USE_DITHER_MASK_FOR_ALPHABLENDED_SHADOWS UNITY_PBS_USE_BRDF1 UNITY_SPECCUBE_BOX_PROJECTION UNITY_SPECCUBE_BLENDING UNITY_ENABLE_DETAIL_NORMALMAP SHADER_API_DESKTOP UNITY_LIGHT_PROBE_PROXY_VOLUME UNITY_LIGHTMAP_RGBM_ENCODING ok=1
Cmd: compileSnippet
  api=4 type=0 insize=1701 outsize=1094 kw= pd=UNITY_ENABLE_REFLECTION_BUFFERS UNITY_USE_DITHER_MASK_FOR_ALPHABLENDED_SHADOWS UNITY_PBS_USE_BRDF1 UNITY_SPECCUBE_BOX_PROJECTION UNITY_SPECCUBE_BLENDING UNITY_ENABLE_DETAIL_NORMALMAP SHADER_API_DESKTOP UNITY_LIGHT_PROBE_PROXY_VOLUME UNITY_LIGHTMAP_RGBM_ENCODING ok=1
Cmd: compileSnippet
  api=4 type=1 insize=1701 outsize=522 kw= pd=UNITY_ENABLE_REFLECTION_BUFFERS UNITY_USE_DITHER_MASK_FOR_ALPHABLENDED_SHADOWS UNITY_PBS_USE_BRDF1 UNITY_SPECCUBE_BOX_PROJECTION UNITY_SPECCUBE_BLENDING UNITY_ENABLE_DETAIL_NORMALMAP SHADER_API_DESKTOP UNITY_LIGHT_PROBE_PROXY_VOLUME UNITY_LIGHTMAP_RGBM_ENCODING ok=1
Cmd: compileSnippet
  api=4 type=0 insize=1701 outsize=1094 kw= pd=UNITY_ENABLE_REFLECTION_BUFFERS UNITY_USE_DITHER_MASK_FOR_ALPHABLENDED_SHADOWS UNITY_PBS_USE_BRDF1 UNITY_SPECCUBE_BOX_PROJECTION UNITY_SPECCUBE_BLENDING UNITY_ENABLE_DETAIL_NORMALMAP SHADER_API_DESKTOP UNITY_LIGHT_PROBE_PROXY_VOLUME UNITY_LIGHTMAP_RGBM_ENCODING ok=1
Cmd: compileSnippet
  api=4 type=1 insize=1701 outsize=522 kw= pd=UNITY_ENABLE_REFLECTION_BUFFERS UNITY_USE_DITHER_MASK_FOR_ALPHABLENDED_SHADOWS UNITY_PBS_USE_BRDF1 UNITY_SPECCUBE_BOX_PROJECTION UNITY_SPECCUBE_BLENDING UNITY_ENABLE_DETAIL_NORMALMAP SHADER_API_DESKTOP UNITY_LIGHT_PROBE_PROXY_VOLUME UNITY_LIGHTMAP_RGBM_ENCODING ok=1
Cmd: compileSnippet
  api=4 type=0 insize=4140 outsize=1342 kw= pd=UNITY_ENABLE_REFLECTION_BUFFERS UNITY_USE_DITHER_MASK_FOR_ALPHABLENDED_SHADOWS UNITY_PBS_USE_BRDF1 UNITY_SPECCUBE_BOX_PROJECTION UNITY_SPECCUBE_BLENDING UNITY_ENABLE_DETAIL_NORMALMAP SHADER_API_DESKTOP UNITY_LIGHT_PROBE_PROXY_VOLUME UNITY_LIGHTMAP_RGBM_ENCODING ok=1
Cmd: compileSnippet
  api=4 type=1 insize=4140 outsize=1026 kw= pd=UNITY_ENABLE_REFLECTION_BUFFERS UNITY_USE_DITHER_MASK_FOR_ALPHABLENDED_SHADOWS UNITY_PBS_USE_BRDF1 UNITY_SPECCUBE_BOX_PROJECTION UNITY_SPECCUBE_BLENDING UNITY_ENABLE_DETAIL_NORMALMAP SHADER_API_DESKTOP UNITY_LIGHT_PROBE_PROXY_VOLUME UNITY_LIGHTMAP_RGBM_ENCODING ok=1
Cmd: compileSnippet
  api=4 type=0 insize=6643 outsize=650 kw= pd=UNITY_ENABLE_REFLECTION_BUFFERS UNITY_USE_DITHER_MASK_FOR_ALPHABLENDED_SHADOWS UNITY_PBS_USE_BRDF1 UNITY_SPECCUBE_BOX_PROJECTION UNITY_SPECCUBE_BLENDING UNITY_ENABLE_DETAIL_NORMALMAP SHADER_API_DESKTOP UNITY_LIGHT_PROBE_PROXY_VOLUME UNITY_LIGHTMAP_RGBM_ENCODING ok=1
Cmd: compileSnippet
  api=4 type=1 insize=6643 outsize=6150 kw= pd=UNITY_ENABLE_REFLECTION_BUFFERS UNITY_USE_DITHER_MASK_FOR_ALPHABLENDED_SHADOWS UNITY_PBS_USE_BRDF1 UNITY_SPECCUBE_BOX_PROJECTION UNITY_SPECCUBE_BLENDING UNITY_ENABLE_DETAIL_NORMALMAP SHADER_API_DESKTOP UNITY_LIGHT_PROBE_PROXY_VOLUME UNITY_LIGHTMAP_RGBM_ENCODING ok=1
Cmd: compileSnippet
  api=4 type=0 insize=6668 outsize=650 kw= pd=UNITY_ENABLE_REFLECTION_BUFFERS UNITY_USE_DITHER_MASK_FOR_ALPHABLENDED_SHADOWS UNITY_PBS_USE_BRDF1 UNITY_SPECCUBE_BOX_PROJECTION UNITY_SPECCUBE_BLENDING UNITY_ENABLE_DETAIL_NORMALMAP SHADER_API_DESKTOP UNITY_LIGHT_PROBE_PROXY_VOLUME UNITY_LIGHTMAP_RGBM_ENCODING ok=1
Cmd: compileSnippet
  api=4 type=1 insize=6668 outsize=782 kw= pd=UNITY_ENABLE_REFLECTION_BUFFERS UNITY_USE_DITHER_MASK_FOR_ALPHABLENDED_SHADOWS UNITY_PBS_USE_BRDF1 UNITY_SPECCUBE_BOX_PROJECTION UNITY_SPECCUBE_BLENDING UNITY_ENABLE_DETAIL_NORMALMAP SHADER_API_DESKTOP UNITY_LIGHT_PROBE_PROXY_VOLUME UNITY_LIGHTMAP_RGBM_ENCODING ok=1
Cmd: compileSnippet
  api=4 type=0 insize=6664 outsize=650 kw= pd=UNITY_ENABLE_REFLECTION_BUFFERS UNITY_USE_DITHER_MASK_FOR_ALPHABLENDED_SHADOWS UNITY_PBS_USE_BRDF1 UNITY_SPECCUBE_BOX_PROJECTION UNITY_SPECCUBE_BLENDING UNITY_ENABLE_DETAIL_NORMALMAP SHADER_API_DESKTOP UNITY_LIGHT_PROBE_PROXY_VOLUME UNITY_LIGHTMAP_RGBM_ENCODING ok=1
Cmd: compileSnippet
  api=4 type=1 insize=6664 outsize=1326 kw= pd=UNITY_ENABLE_REFLECTION_BUFFERS UNITY_USE_DITHER_MASK_FOR_ALPHABLENDED_SHADOWS UNITY_PBS_USE_BRDF1 UNITY_SPECCUBE_BOX_PROJECTION UNITY_SPECCUBE_BLENDING UNITY_ENABLE_DETAIL_NORMALMAP SHADER_API_DESKTOP UNITY_LIGHT_PROBE_PROXY_VOLUME UNITY_LIGHTMAP_RGBM_ENCODING ok=1
Cmd: compileSnippet
  api=4 type=0 insize=6664 outsize=650 kw= pd=UNITY_ENABLE_REFLECTION_BUFFERS UNITY_USE_DITHER_MASK_FOR_ALPHABLENDED_SHADOWS UNITY_PBS_USE_BRDF1 UNITY_SPECCUBE_BOX_PROJECTION UNITY_SPECCUBE_BLENDING UNITY_ENABLE_DETAIL_NORMALMAP SHADER_API_DESKTOP UNITY_LIGHT_PROBE_PROXY_VOLUME UNITY_LIGHTMAP_RGBM_ENCODING ok=1
Cmd: compileSnippet
  api=4 type=1 insize=6664 outsize=842 kw= pd=UNITY_ENABLE_REFLECTION_BUFFERS UNITY_USE_DITHER_MASK_FOR_ALPHABLENDED_SHADOWS UNITY_PBS_USE_BRDF1 UNITY_SPECCUBE_BOX_PROJECTION UNITY_SPECCUBE_BLENDING UNITY_ENABLE_DETAIL_NORMALMAP SHADER_API_DESKTOP UNITY_LIGHT_PROBE_PROXY_VOLUME UNITY_LIGHTMAP_RGBM_ENCODING ok=1
Cmd: compileSnippet
  api=4 type=0 insize=6724 outsize=650 kw= pd=UNITY_ENABLE_REFLECTION_BUFFERS UNITY_USE_DITHER_MASK_FOR_ALPHABLENDED_SHADOWS UNITY_PBS_USE_BRDF1 UNITY_SPECCUBE_BOX_PROJECTION UNITY_SPECCUBE_BLENDING UNITY_ENABLE_DETAIL_NORMALMAP SHADER_API_DESKTOP UNITY_LIGHT_PROBE_PROXY_VOLUME UNITY_LIGHTMAP_RGBM_ENCODING ok=1
Cmd: compileSnippet
  api=4 type=1 insize=6724 outsize=466 kw= pd=UNITY_ENABLE_REFLECTION_BUFFERS UNITY_USE_DITHER_MASK_FOR_ALPHABLENDED_SHADOWS UNITY_PBS_USE_BRDF1 UNITY_SPECCUBE_BOX_PROJECTION UNITY_SPECCUBE_BLENDING UNITY_ENABLE_DETAIL_NORMALMAP SHADER_API_DESKTOP UNITY_LIGHT_PROBE_PROXY_VOLUME UNITY_LIGHTMAP_RGBM_ENCODING ok=1
Cmd: compileSnippet
  api=4 type=0 insize=738 outsize=650 kw=_DEPTH_NO_MSAA pd=UNITY_ENABLE_REFLECTION_BUFFERS UNITY_USE_DITHER_MASK_FOR_ALPHABLENDED_SHADOWS UNITY_PBS_USE_BRDF1 UNITY_SPECCUBE_BOX_PROJECTION UNITY_SPECCUBE_BLENDING UNITY_ENABLE_DETAIL_NORMALMAP SHADER_API_DESKTOP UNITY_LIGHT_PROBE_PROXY_VOLUME UNITY_LIGHTMAP_RGBM_ENCODING ok=1
Cmd: compileSnippet
  api=4 type=1 insize=738 outsize=318 kw=_DEPTH_NO_MSAA pd=UNITY_ENABLE_REFLECTION_BUFFERS UNITY_USE_DITHER_MASK_FOR_ALPHABLENDED_SHADOWS UNITY_PBS_USE_BRDF1 UNITY_SPECCUBE_BOX_PROJECTION UNITY_SPECCUBE_BLENDING UNITY_ENABLE_DETAIL_NORMALMAP SHADER_API_DESKTOP UNITY_LIGHT_PROBE_PROXY_VOLUME UNITY_LIGHTMAP_RGBM_ENCODING ok=1
Cmd: preprocessCompute
  insize=6374 outsize=6376 ok=1
Cmd: compileComputeKernel
  api=4 insize=6376 outsize=2003 ok=1
Cmd: preprocessCompute
  insize=5816 outsize=5818 ok=1
Cmd: compileComputeKernel
  api=4 insize=5818 outsize=1508 ok=1
Cmd: preprocess
  insize=39499 outsize=630 ok=1
Cmd: preprocessCompute
  insize=1968 outsize=1970 ok=1
Cmd: compileComputeKernel
  api=4 insize=1970 outsize=1398 ok=1
Cmd: compileSnippet
  api=4 type=0 insize=1863 outsize=650 kw= pd=UNITY_ENABLE_REFLECTION_BUFFERS UNITY_USE_DITHER_MASK_FOR_ALPHABLENDED_SHADOWS UNITY_PBS_USE_BRDF1 UNITY_SPECCUBE_BOX_PROJECTION UNITY_SPECCUBE_BLENDING UNITY_ENABLE_DETAIL_NORMALMAP SHADER_API_DESKTOP UNITY_LIGHT_PROBE_PROXY_VOLUME UNITY_LIGHTMAP_RGBM_ENCODING ok=1
Cmd: compileSnippet
  api=4 type=1 insize=1863 outsize=298 kw= pd=UNITY_ENABLE_REFLECTION_BUFFERS UNITY_USE_DITHER_MASK_FOR_ALPHABLENDED_SHADOWS UNITY_PBS_USE_BRDF1 UNITY_SPECCUBE_BOX_PROJECTION UNITY_SPECCUBE_BLENDING UNITY_ENABLE_DETAIL_NORMALMAP SHADER_API_DESKTOP UNITY_LIGHT_PROBE_PROXY_VOLUME UNITY_LIGHTMAP_RGBM_ENCODING ok=1
Cmd: preprocessCompute
  insize=6340 outsize=6342 ok=1
Cmd: compileComputeKernel
  api=4 insize=6342 outsize=2207 ok=1
Cmd: preprocessCompute
  insize=5816 outsize=5818 ok=1
Cmd: preprocess
  insize=39499 outsize=630 ok=1
Cmd: preprocessCompute
  insize=1968 outsize=1970 ok=1
Cmd: compileSnippet
  api=4 type=0 insize=3912 outsize=1490 kw= pd=UNITY_ENABLE_REFLECTION_BUFFERS UNITY_USE_DITHER_MASK_FOR_ALPHABLENDED_SHADOWS UNITY_PBS_USE_BRDF1 UNITY_SPECCUBE_BOX_PROJECTION UNITY_SPECCUBE_BLENDING UNITY_ENABLE_DETAIL_NORMALMAP SHADER_API_DESKTOP UNITY_LIGHT_PROBE_PROXY_VOLUME UNITY_LIGHTMAP_RGBM_ENCODING ok=1
Cmd: compileSnippet
  api=4 type=1 insize=3912 outsize=1502 kw= pd=UNITY_ENABLE_REFLECTION_BUFFERS UNITY_USE_DITHER_MASK_FOR_ALPHABLENDED_SHADOWS UNITY_PBS_USE_BRDF1 UNITY_SPECCUBE_BOX_PROJECTION UNITY_SPECCUBE_BLENDING UNITY_ENABLE_DETAIL_NORMALMAP SHADER_API_DESKTOP UNITY_LIGHT_PROBE_PROXY_VOLUME UNITY_LIGHTMAP_RGBM_ENCODING ok=1
Cmd: compileSnippet
  api=4 type=0 insize=3555 outsize=1358 kw= pd=UNITY_ENABLE_REFLECTION_BUFFERS UNITY_USE_DITHER_MASK_FOR_ALPHABLENDED_SHADOWS UNITY_PBS_USE_BRDF1 UNITY_SPECCUBE_BOX_PROJECTION UNITY_SPECCUBE_BLENDING UNITY_ENABLE_DETAIL_NORMALMAP SHADER_API_DESKTOP UNITY_LIGHT_PROBE_PROXY_VOLUME UNITY_LIGHTMAP_RGBM_ENCODING ok=1
Cmd: compileSnippet
  api=4 type=1 insize=3555 outsize=1046 kw= pd=UNITY_ENABLE_REFLECTION_BUFFERS UNITY_USE_DITHER_MASK_FOR_ALPHABLENDED_SHADOWS UNITY_PBS_USE_BRDF1 UNITY_SPECCUBE_BOX_PROJECTION UNITY_SPECCUBE_BLENDING UNITY_ENABLE_DETAIL_NORMALMAP SHADER_API_DESKTOP UNITY_LIGHT_PROBE_PROXY_VOLUME UNITY_LIGHTMAP_RGBM_ENCODING ok=1
Cmd: preprocessCompute
  insize=6338 outsize=6340 ok=1
Cmd: compileComputeKernel
  api=4 insize=6340 outsize=2195 ok=1
Cmd: preprocessCompute
  insize=5776 outsize=5778 ok=1
Cmd: compileComputeKernel
  api=4 insize=5778 outsize=1402 ok=1
Cmd: preprocess
  insize=39410 outsize=616 ok=1
Cmd: preprocessCompute
  insize=6338 outsize=6340 ok=1
Cmd: preprocessCompute
  insize=5776 outsize=5778 ok=1
Cmd: preprocess
  insize=39410 outsize=616 ok=1
Cmd: preprocessCompute
  insize=6338 outsize=6340 ok=1
Cmd: preprocessCompute
  insize=5776 outsize=5778 ok=1
Cmd: preprocess
  insize=39410 outsize=616 ok=1
Cmd: preprocessCompute
  insize=6338 outsize=6340 ok=1
Cmd: preprocessCompute
  insize=5776 outsize=5778 ok=1
Cmd: preprocess
  insize=39410 outsize=616 ok=1
Cmd: preprocessCompute
  insize=6858 outsize=6860 ok=1
Cmd: compileComputeKernel
  api=4 insize=6860 outsize=2477 ok=1
Cmd: preprocessCompute
  insize=5776 outsize=5778 ok=1
Cmd: compileComputeKernel
  api=4 insize=5778 outsize=1402 ok=1
Cmd: preprocess
  insize=39562 outsize=617 ok=1
Cmd: preprocessCompute
  insize=6858 outsize=6860 ok=1
Cmd: compileComputeKernel
  api=4 insize=6860 outsize=2477 ok=1
Cmd: preprocessCompute
  insize=5776 outsize=5778 ok=1
Cmd: compileComputeKernel
  api=4 insize=5778 outsize=1402 ok=1
Cmd: preprocess
  insize=39562 outsize=617 ok=1
Cmd: preprocessCompute
  insize=6858 outsize=6860 ok=1
Cmd: preprocessCompute
  insize=5776 outsize=5778 ok=1
Cmd: preprocess
  insize=38601 outsize=617 ok=1
Cmd: preprocessCompute
  insize=6858 outsize=6860 ok=1
Cmd: preprocessCompute
  insize=5776 outsize=5778 ok=1
Cmd: preprocess
  insize=38601 outsize=617 ok=1
Cmd: preprocessCompute
  insize=6858 outsize=6860 ok=1
Cmd: preprocessCompute
  insize=5776 outsize=5778 ok=1
Cmd: preprocess
  insize=38601 outsize=617 ok=1
Cmd: preprocessCompute
  insize=6858 outsize=6860 ok=1
Cmd: preprocessCompute
  insize=5776 outsize=5778 ok=1
Cmd: preprocess
  insize=38601 outsize=617 ok=1
Cmd: preprocessCompute
  insize=6858 outsize=6860 ok=1
Cmd: preprocessCompute
  insize=5776 outsize=5778 ok=1
Cmd: preprocess
  insize=38601 outsize=617 ok=1
Cmd: preprocessCompute
  insize=6858 outsize=6860 ok=1
Cmd: preprocessCompute
  insize=5776 outsize=5778 ok=1
Cmd: preprocess
  insize=38601 outsize=617 ok=1
Cmd: preprocessCompute
  insize=6858 outsize=6860 ok=1
Cmd: preprocessCompute
  insize=5776 outsize=5778 ok=1
Cmd: preprocess
  insize=38601 outsize=617 ok=1
Cmd: preprocessCompute
  insize=6858 outsize=6860 ok=1
Cmd: preprocessCompute
  insize=5776 outsize=5778 ok=1
Cmd: preprocess
  insize=38601 outsize=617 ok=1
Cmd: preprocessCompute
  insize=6858 outsize=6860 ok=1
Cmd: preprocessCompute
  insize=5776 outsize=5778 ok=1
Cmd: preprocess
  insize=38601 outsize=617 ok=1
Cmd: preprocessCompute
  insize=6858 outsize=6860 ok=1
Cmd: preprocessCompute
  insize=5776 outsize=5778 ok=1
Cmd: preprocess
  insize=38601 outsize=617 ok=1
Cmd: preprocessCompute
  insize=6858 outsize=6860 ok=1
Cmd: preprocessCompute
  insize=5776 outsize=5778 ok=1
Cmd: preprocess
  insize=38601 outsize=617 ok=1
Cmd: preprocessCompute
  insize=6858 outsize=6860 ok=1
Cmd: preprocessCompute
  insize=5776 outsize=5778 ok=1
Cmd: preprocess
  insize=38601 outsize=617 ok=1
Cmd: preprocessCompute
  insize=6858 outsize=6860 ok=1
Cmd: preprocessCompute
  insize=5776 outsize=5778 ok=1
Cmd: preprocess
  insize=38601 outsize=617 ok=1
Cmd: preprocessCompute
  insize=6858 outsize=6860 ok=1
Cmd: compileComputeKernel
  api=4 insize=6860 outsize=2489 ok=1
Cmd: preprocessCompute
  insize=6441 outsize=6443 ok=1
Cmd: compileComputeKernel
  api=4 insize=6443 outsize=1390 ok=1
Cmd: preprocess
  insize=38601 outsize=617 ok=1
Cmd: preprocessCompute
  insize=6858 outsize=6860 ok=1
Cmd: preprocessCompute
  insize=6494 outsize=6496 ok=1
Cmd: compileComputeKernel
  api=4 insize=6496 outsize=1390 ok=1
Cmd: preprocess
  insize=38601 outsize=617 ok=1
Cmd: preprocessCompute
  insize=6858 outsize=6860 ok=1
Cmd: preprocessCompute
  insize=6842 outsize=6844 ok=1
Cmd: compileComputeKernel
  api=4 insize=6844 outsize=1807 ok=1
Cmd: preprocess
  insize=38601 outsize=617 ok=1
Cmd: preprocessCompute
  insize=4204 outsize=4206 ok=1
Cmd: compileComputeKernel
  api=4 insize=4206 outsize=223 ok=1
Cmd: preprocessCompute
  insize=3485 outsize=3487 ok=1
Cmd: compileComputeKernel
  api=4 insize=3487 outsize=659 ok=1
Cmd: preprocess
  insize=34924 outsize=630 ok=1
Cmd: preprocessCompute
  insize=1896 outsize=1898 ok=1
Cmd: compileComputeKernel
  api=4 insize=1898 outsize=1006 ok=1
Cmd: preprocessCompute
  insize=6858 outsize=6860 ok=1
Cmd: preprocessCompute
  insize=6842 outsize=6844 ok=1
Cmd: preprocess
  insize=38601 outsize=617 ok=1
Cmd: preprocessCompute
  insize=5206 outsize=5208 ok=1
Cmd: compileComputeKernel
  api=4 insize=5208 outsize=1768 ok=1
Cmd: preprocessCompute
  insize=4908 outsize=4910 ok=1
Cmd: compileComputeKernel
  api=4 insize=4910 outsize=1260 ok=1
Cmd: preprocess
  insize=35112 outsize=630 ok=1
Cmd: preprocessCompute
  insize=1926 outsize=1928 ok=1
Cmd: compileComputeKernel
  api=4 insize=1928 outsize=1119 ok=1
Cmd: preprocessCompute
  insize=6858 outsize=6860 ok=1
Cmd: preprocessCompute
  insize=6842 outsize=6844 ok=1
Cmd: preprocess
  insize=38601 outsize=617 ok=1
Cmd: preprocessCompute
  insize=5685 outsize=5687 ok=1
Cmd: compileComputeKernel
  api=4 insize=5687 outsize=2010 ok=1
Cmd: preprocessCompute
  insize=4912 outsize=4914 ok=1
Cmd: compileComputeKernel
  api=4 insize=4914 outsize=1260 ok=1
Cmd: preprocess
  insize=35268 outsize=630 ok=1
Cmd: preprocessCompute
  insize=1926 outsize=1928 ok=1
Cmd: preprocessCompute
  insize=6858 outsize=6860 ok=1
Cmd: preprocessCompute
  insize=6842 outsize=6844 ok=1
Cmd: preprocess
  insize=38601 outsize=617 ok=1
Cmd: preprocessCompute
  insize=6364 outsize=6366 ok=1
Cmd: compileComputeKernel
  api=4 insize=6366 outsize=2284 ok=1
Cmd: preprocessCompute
  insize=4912 outsize=4914 ok=1
Cmd: compileComputeKernel
  api=4 insize=4914 outsize=1260 ok=1
Cmd: preprocess
  insize=35526 outsize=631 ok=1
Cmd: preprocessCompute
  insize=1969 outsize=1971 ok=1
Cmd: compileComputeKernel
  api=4 insize=1971 outsize=1398 ok=1
Cmd: preprocessCompute
  insize=6858 outsize=6860 ok=1
Cmd: preprocessCompute
  insize=6842 outsize=6844 ok=1
Cmd: preprocess
  insize=38601 outsize=617 ok=1
Cmd: preprocessCompute
  insize=6364 outsize=6366 ok=1
Cmd: preprocessCompute
  insize=4912 outsize=4914 ok=1
Cmd: preprocess
  insize=36712 outsize=629 ok=1
Cmd: preprocessCompute
  insize=1969 outsize=1971 ok=1
Cmd: preprocessCompute
  insize=6858 outsize=6860 ok=1
Cmd: preprocessCompute
  insize=6842 outsize=6844 ok=1
Cmd: preprocess
  insize=38601 outsize=617 ok=1
Cmd: preprocessCompute
  insize=6364 outsize=6366 ok=1
Cmd: compileComputeKernel
  api=4 insize=6366 outsize=2268 ok=1
Cmd: preprocessCompute
  insize=4912 outsize=4914 ok=1
Cmd: compileComputeKernel
  api=4 insize=4914 outsize=1316 ok=1
Cmd: preprocess
  insize=38692 outsize=630 ok=1
Cmd: preprocessCompute
  insize=1969 outsize=1971 ok=1
Cmd: preprocessCompute
  insize=6858 outsize=6860 ok=1
Cmd: preprocessCompute
  insize=6842 outsize=6844 ok=1
Cmd: preprocess
  insize=38601 outsize=617 ok=1
Cmd: preprocessCompute
  insize=6364 outsize=6366 ok=1
Cmd: preprocessCompute
  insize=4912 outsize=4914 ok=1
Cmd: preprocess
  insize=38692 outsize=630 ok=1
Cmd: preprocessCompute
  insize=1969 outsize=1971 ok=1
Cmd: preprocessCompute
  insize=6858 outsize=6860 ok=1
Cmd: preprocessCompute
  insize=6842 outsize=6844 ok=1
Cmd: preprocess
  insize=38601 outsize=617 ok=1
Cmd: preprocessCompute
  insize=6364 outsize=6366 ok=1
Cmd: preprocessCompute
  insize=4912 outsize=4914 ok=1
Cmd: preprocess
  insize=38692 outsize=630 ok=1
Cmd: preprocessCompute
  insize=1969 outsize=1971 ok=1
Cmd: preprocessCompute
  insize=6858 outsize=6860 ok=1
Cmd: preprocessCompute
  insize=6842 outsize=6844 ok=1
Cmd: preprocess
  insize=38601 outsize=617 ok=1
Cmd: preprocessCompute
  insize=6364 outsize=6366 ok=1
Cmd: preprocessCompute
  insize=4912 outsize=4914 ok=1
Cmd: preprocess
  insize=38692 outsize=630 ok=1
Cmd: preprocessCompute
  insize=1969 outsize=1971 ok=1
Cmd: preprocessCompute
  insize=6858 outsize=6860 ok=1
Cmd: preprocessCompute
  insize=6842 outsize=6844 ok=1
Cmd: preprocess
  insize=38601 outsize=617 ok=1
Cmd: preprocessCompute
  insize=6364 outsize=6366 ok=1
Cmd: preprocessCompute
  insize=4912 outsize=4914 ok=1
Cmd: preprocess
  insize=38692 outsize=630 ok=1
Cmd: preprocessCompute
  insize=1969 outsize=1971 ok=1
Cmd: preprocessCompute
  insize=6858 outsize=6860 ok=1
Cmd: preprocessCompute
  insize=6842 outsize=6844 ok=1
Cmd: preprocess
  insize=38601 outsize=617 ok=1
Cmd: preprocessCompute
  insize=6363 outsize=6365 ok=1
Cmd: compileComputeKernel
  api=4 insize=6365 outsize=2240 ok=1
Cmd: preprocessCompute
  insize=4880 outsize=4882 ok=1
Cmd: compileComputeKernel
  api=4 insize=4882 outsize=1210 ok=1
Cmd: preprocess
  insize=38605 outsize=617 ok=1
Cmd: preprocessCompute
  insize=6858 outsize=6860 ok=1
Cmd: preprocessCompute
  insize=6842 outsize=6844 ok=1
Cmd: preprocess
  insize=38601 outsize=617 ok=1
Cmd: preprocessCompute
  insize=6363 outsize=6365 ok=1
Cmd: preprocessCompute
  insize=4880 outsize=4882 ok=1
Cmd: preprocess
  insize=38605 outsize=617 ok=1
Cmd: preprocessCompute
  insize=6858 outsize=6860 ok=1
Cmd: preprocessCompute
  insize=6842 outsize=6844 ok=1
Cmd: preprocess
  insize=38601 outsize=617 ok=1
Cmd: preprocessCompute
  insize=6363 outsize=6365 ok=1
Cmd: preprocessCompute
  insize=4880 outsize=4882 ok=1
Cmd: preprocess
  insize=38605 outsize=617 ok=1
Cmd: preprocessCompute
  insize=6858 outsize=6860 ok=1
Cmd: preprocessCompute
  insize=6842 outsize=6844 ok=1
Cmd: preprocess
  insize=38601 outsize=617 ok=1
Cmd: preprocessCompute
  insize=6363 outsize=6365 ok=1
Cmd: preprocessCompute
  insize=4880 outsize=4882 ok=1
Cmd: preprocess
  insize=38605 outsize=617 ok=1
Cmd: preprocessCompute
  insize=6858 outsize=6860 ok=1
Cmd: preprocessCompute
  insize=6842 outsize=6844 ok=1
Cmd: preprocess
  insize=38601 outsize=617 ok=1
Cmd: preprocessCompute
  insize=7261 outsize=7263 ok=1
Cmd: compileComputeKernel
  api=4 insize=7263 outsize=3071 ok=1
Cmd: preprocessCompute
  insize=5790 outsize=5792 ok=1
Cmd: compileComputeKernel
  api=4 insize=5792 outsize=1402 ok=1
Cmd: preprocess
  insize=38611 outsize=617 ok=1
Cmd: preprocessCompute
  insize=6858 outsize=6860 ok=1
Cmd: preprocessCompute
  insize=6842 outsize=6844 ok=1
Cmd: preprocess
  insize=38601 outsize=617 ok=1
Cmd: preprocessCompute
  insize=7340 outsize=7342 ok=1
Cmd: compileComputeKernel
  api=4 insize=7342 outsize=3304 ok=1
Cmd: preprocessCompute
  insize=5790 outsize=5792 ok=1
Cmd: preprocess
  insize=38611 outsize=617 ok=1
Cmd: preprocessCompute
  insize=6858 outsize=6860 ok=1
Cmd: preprocessCompute
  insize=6842 outsize=6844 ok=1
Cmd: preprocess
  insize=38601 outsize=617 ok=1
Cmd: preprocessCompute
  insize=7340 outsize=7342 ok=1
Cmd: preprocessCompute
  insize=5790 outsize=5792 ok=1
Cmd: preprocess
  insize=38611 outsize=617 ok=1
Cmd: preprocessCompute
  insize=6858 outsize=6860 ok=1
Cmd: preprocessCompute
  insize=6842 outsize=6844 ok=1
Cmd: preprocess
  insize=38601 outsize=617 ok=1
Cmd: preprocessCompute
  insize=7340 outsize=7342 ok=1
Cmd: preprocessCompute
  insize=5790 outsize=5792 ok=1
Cmd: preprocess
  insize=38611 outsize=617 ok=1
Cmd: preprocessCompute
  insize=6858 outsize=6860 ok=1
Cmd: preprocessCompute
  insize=6842 outsize=6844 ok=1
Cmd: preprocess
  insize=38601 outsize=617 ok=1
Cmd: preprocessCompute
  insize=7340 outsize=7342 ok=1
Cmd: preprocessCompute
  insize=5790 outsize=5792 ok=1
Cmd: preprocess
  insize=38611 outsize=617 ok=1
Cmd: preprocessCompute
  insize=6858 outsize=6860 ok=1
Cmd: preprocessCompute
  insize=6842 outsize=6844 ok=1
Cmd: preprocess
  insize=38601 outsize=617 ok=1
Cmd: preprocessCompute
  insize=7340 outsize=7342 ok=1
Cmd: preprocessCompute
  insize=5790 outsize=5792 ok=1
Cmd: preprocess
  insize=38611 outsize=617 ok=1
Cmd: preprocessCompute
  insize=6858 outsize=6860 ok=1
Cmd: preprocessCompute
  insize=6842 outsize=6844 ok=1
Cmd: preprocess
  insize=38601 outsize=617 ok=1
Cmd: preprocessCompute
  insize=7340 outsize=7342 ok=1
Cmd: preprocessCompute
  insize=5790 outsize=5792 ok=1
Cmd: preprocess
  insize=38611 outsize=617 ok=1
Cmd: preprocessCompute
  insize=6858 outsize=6860 ok=1
Cmd: preprocessCompute
  insize=6842 outsize=6844 ok=1
Cmd: preprocess
  insize=38601 outsize=617 ok=1
Cmd: preprocessCompute
  insize=7340 outsize=7342 ok=1
Cmd: preprocessCompute
  insize=6192 outsize=6194 ok=1
Cmd: compileComputeKernel
  api=4 insize=6194 outsize=1505 ok=1
Cmd: preprocess
  insize=38611 outsize=617 ok=1
Cmd: preprocessCompute
  insize=6858 outsize=6860 ok=1
Cmd: preprocessCompute
  insize=6842 outsize=6844 ok=1
Cmd: preprocess
  insize=38601 outsize=617 ok=1
Cmd: preprocessCompute
  insize=7340 outsize=7342 ok=1
Cmd: preprocessCompute
  insize=6192 outsize=6194 ok=1
Cmd: preprocess
  insize=38611 outsize=617 ok=1
Cmd: compileSnippet
  api=4 type=0 insize=1070 outsize=762 kw= pd=UNITY_ENABLE_REFLECTION_BUFFERS UNITY_USE_DITHER_MASK_FOR_ALPHABLENDED_SHADOWS UNITY_PBS_USE_BRDF1 UNITY_SPECCUBE_BOX_PROJECTION UNITY_SPECCUBE_BLENDING UNITY_ENABLE_DETAIL_NORMALMAP SHADER_API_DESKTOP UNITY_LIGHT_PROBE_PROXY_VOLUME UNITY_LIGHTMAP_RGBM_ENCODING ok=1
Cmd: compileSnippet
  api=4 type=1 insize=1070 outsize=326 kw= pd=UNITY_ENABLE_REFLECTION_BUFFERS UNITY_USE_DITHER_MASK_FOR_ALPHABLENDED_SHADOWS UNITY_PBS_USE_BRDF1 UNITY_SPECCUBE_BOX_PROJECTION UNITY_SPECCUBE_BLENDING UNITY_ENABLE_DETAIL_NORMALMAP SHADER_API_DESKTOP UNITY_LIGHT_PROBE_PROXY_VOLUME UNITY_LIGHTMAP_RGBM_ENCODING ok=1
Cmd: compileSnippet
  api=4 type=0 insize=1064 outsize=762 kw= pd=UNITY_ENABLE_REFLECTION_BUFFERS UNITY_USE_DITHER_MASK_FOR_ALPHABLENDED_SHADOWS UNITY_PBS_USE_BRDF1 UNITY_SPECCUBE_BOX_PROJECTION UNITY_SPECCUBE_BLENDING UNITY_ENABLE_DETAIL_NORMALMAP SHADER_API_DESKTOP UNITY_LIGHT_PROBE_PROXY_VOLUME UNITY_LIGHTMAP_RGBM_ENCODING ok=1
Cmd: compileSnippet
  api=4 type=1 insize=1064 outsize=326 kw= pd=UNITY_ENABLE_REFLECTION_BUFFERS UNITY_USE_DITHER_MASK_FOR_ALPHABLENDED_SHADOWS UNITY_PBS_USE_BRDF1 UNITY_SPECCUBE_BOX_PROJECTION UNITY_SPECCUBE_BLENDING UNITY_ENABLE_DETAIL_NORMALMAP SHADER_API_DESKTOP UNITY_LIGHT_PROBE_PROXY_VOLUME UNITY_LIGHTMAP_RGBM_ENCODING ok=1
Cmd: compileSnippet
  api=4 type=0 insize=1064 outsize=762 kw= pd=UNITY_ENABLE_REFLECTION_BUFFERS UNITY_USE_DITHER_MASK_FOR_ALPHABLENDED_SHADOWS UNITY_PBS_USE_BRDF1 UNITY_SPECCUBE_BOX_PROJECTION UNITY_SPECCUBE_BLENDING UNITY_ENABLE_DETAIL_NORMALMAP SHADER_API_DESKTOP UNITY_LIGHT_PROBE_PROXY_VOLUME UNITY_LIGHTMAP_RGBM_ENCODING ok=1
Cmd: compileSnippet
  api=4 type=1 insize=1064 outsize=326 kw= pd=UNITY_ENABLE_REFLECTION_BUFFERS UNITY_USE_DITHER_MASK_FOR_ALPHABLENDED_SHADOWS UNITY_PBS_USE_BRDF1 UNITY_SPECCUBE_BOX_PROJECTION UNITY_SPECCUBE_BLENDING UNITY_ENABLE_DETAIL_NORMALMAP SHADER_API_DESKTOP UNITY_LIGHT_PROBE_PROXY_VOLUME UNITY_LIGHTMAP_RGBM_ENCODING ok=1
Cmd: compileSnippet
  api=4 type=0 insize=1070 outsize=762 kw= pd=UNITY_ENABLE_REFLECTION_BUFFERS UNITY_USE_DITHER_MASK_FOR_ALPHABLENDED_SHADOWS UNITY_PBS_USE_BRDF1 UNITY_SPECCUBE_BOX_PROJECTION UNITY_SPECCUBE_BLENDING UNITY_ENABLE_DETAIL_NORMALMAP SHADER_API_DESKTOP UNITY_LIGHT_PROBE_PROXY_VOLUME UNITY_LIGHTMAP_RGBM_ENCODING ok=1
Cmd: compileSnippet
  api=4 type=1 insize=1070 outsize=326 kw= pd=UNITY_ENABLE_REFLECTION_BUFFERS UNITY_USE_DITHER_MASK_FOR_ALPHABLENDED_SHADOWS UNITY_PBS_USE_BRDF1 UNITY_SPECCUBE_BOX_PROJECTION UNITY_SPECCUBE_BLENDING UNITY_ENABLE_DETAIL_NORMALMAP SHADER_API_DESKTOP UNITY_LIGHT_PROBE_PROXY_VOLUME UNITY_LIGHTMAP_RGBM_ENCODING ok=1
Cmd: compileSnippet
  api=4 type=0 insize=1052 outsize=762 kw= pd=UNITY_ENABLE_REFLECTION_BUFFERS UNITY_USE_DITHER_MASK_FOR_ALPHABLENDED_SHADOWS UNITY_PBS_USE_BRDF1 UNITY_SPECCUBE_BOX_PROJECTION UNITY_SPECCUBE_BLENDING UNITY_ENABLE_DETAIL_NORMALMAP SHADER_API_DESKTOP UNITY_LIGHT_PROBE_PROXY_VOLUME UNITY_LIGHTMAP_RGBM_ENCODING ok=1
Cmd: compileSnippet
  api=4 type=1 insize=1052 outsize=326 kw= pd=UNITY_ENABLE_REFLECTION_BUFFERS UNITY_USE_DITHER_MASK_FOR_ALPHABLENDED_SHADOWS UNITY_PBS_USE_BRDF1 UNITY_SPECCUBE_BOX_PROJECTION UNITY_SPECCUBE_BLENDING UNITY_ENABLE_DETAIL_NORMALMAP SHADER_API_DESKTOP UNITY_LIGHT_PROBE_PROXY_VOLUME UNITY_LIGHTMAP_RGBM_ENCODING ok=1
Cmd: compileSnippet
  api=4 type=0 insize=1064 outsize=762 kw= pd=UNITY_ENABLE_REFLECTION_BUFFERS UNITY_USE_DITHER_MASK_FOR_ALPHABLENDED_SHADOWS UNITY_PBS_USE_BRDF1 UNITY_SPECCUBE_BOX_PROJECTION UNITY_SPECCUBE_BLENDING UNITY_ENABLE_DETAIL_NORMALMAP SHADER_API_DESKTOP UNITY_LIGHT_PROBE_PROXY_VOLUME UNITY_LIGHTMAP_RGBM_ENCODING ok=1
Cmd: compileSnippet
  api=4 type=1 insize=1064 outsize=326 kw= pd=UNITY_ENABLE_REFLECTION_BUFFERS UNITY_USE_DITHER_MASK_FOR_ALPHABLENDED_SHADOWS UNITY_PBS_USE_BRDF1 UNITY_SPECCUBE_BOX_PROJECTION UNITY_SPECCUBE_BLENDING UNITY_ENABLE_DETAIL_NORMALMAP SHADER_API_DESKTOP UNITY_LIGHT_PROBE_PROXY_VOLUME UNITY_LIGHTMAP_RGBM_ENCODING ok=1
Cmd: compileSnippet
  api=4 type=0 insize=1907 outsize=802 kw= pd=UNITY_ENABLE_REFLECTION_BUFFERS UNITY_USE_DITHER_MASK_FOR_ALPHABLENDED_SHADOWS UNITY_PBS_USE_BRDF1 UNITY_SPECCUBE_BOX_PROJECTION UNITY_SPECCUBE_BLENDING UNITY_ENABLE_DETAIL_NORMALMAP SHADER_API_DESKTOP UNITY_LIGHT_PROBE_PROXY_VOLUME UNITY_LIGHTMAP_RGBM_ENCODING ok=1
Cmd: preprocessCompute
  insize=6858 outsize=6860 ok=1
Cmd: preprocessCompute
  insize=6842 outsize=6844 ok=1
Cmd: preprocess
  insize=38601 outsize=617 ok=1
Cmd: preprocessCompute
  insize=7340 outsize=7342 ok=1
Cmd: preprocessCompute
  insize=6192 outsize=6194 ok=1
Cmd: preprocess
  insize=38611 outsize=617 ok=1
Cmd: preprocessCompute
  insize=7242 outsize=7244 ok=1
Cmd: compileComputeKernel
  api=4 insize=7244 outsize=2715 ok=1
Cmd: preprocessCompute
  insize=6842 outsize=6844 ok=1
Cmd: compileComputeKernel
  api=4 insize=6844 outsize=1791 ok=1
Cmd: preprocess
  insize=38601 outsize=618 ok=1
Cmd: preprocessCompute
  insize=7340 outsize=7342 ok=1
Cmd: preprocessCompute
  insize=6192 outsize=6194 ok=1
Cmd: preprocess
  insize=38611 outsize=617 ok=1
Cmd: preprocessCompute
  insize=7242 outsize=7244 ok=1
Cmd: preprocessCompute
  insize=6842 outsize=6844 ok=1
Cmd: preprocess
  insize=38601 outsize=618 ok=1
Cmd: preprocessCompute
  insize=7340 outsize=7342 ok=1
Cmd: preprocessCompute
  insize=6192 outsize=6194 ok=1
Cmd: preprocess
  insize=38611 outsize=617 ok=1
Cmd: preprocessCompute
  insize=7242 outsize=7244 ok=1
Cmd: preprocessCompute
  insize=6842 outsize=6844 ok=1
Cmd: preprocess
  insize=38601 outsize=618 ok=1
Cmd: preprocessCompute
  insize=7340 outsize=7342 ok=1
Cmd: preprocessCompute
  insize=6192 outsize=6194 ok=1
Cmd: preprocess
  insize=38611 outsize=617 ok=1
Cmd: preprocessCompute
  insize=7242 outsize=7244 ok=1
Cmd: preprocessCompute
  insize=6842 outsize=6844 ok=1
Cmd: preprocess
  insize=38601 outsize=618 ok=1
Cmd: preprocessCompute
  insize=7340 outsize=7342 ok=1
Cmd: preprocessCompute
  insize=6192 outsize=6194 ok=1
Cmd: preprocess
  insize=38611 outsize=617 ok=1
Cmd: preprocessCompute
  insize=7242 outsize=7244 ok=1
Cmd: preprocessCompute
  insize=6842 outsize=6844 ok=1
Cmd: preprocess
  insize=38601 outsize=618 ok=1
Cmd: preprocessCompute
  insize=7340 outsize=7342 ok=1
Cmd: preprocessCompute
  insize=6192 outsize=6194 ok=1
Cmd: preprocess
  insize=38611 outsize=617 ok=1
Cmd: preprocessCompute
  insize=7242 outsize=7244 ok=1
Cmd: preprocessCompute
  insize=6842 outsize=6844 ok=1
Cmd: preprocess
  insize=38601 outsize=618 ok=1
Cmd: preprocessCompute
  insize=7340 outsize=7342 ok=1
Cmd: preprocessCompute
  insize=6192 outsize=6194 ok=1
Cmd: preprocess
  insize=38611 outsize=617 ok=1
Cmd: preprocessCompute
  insize=7242 outsize=7244 ok=1
Cmd: preprocessCompute
  insize=6842 outsize=6844 ok=1
Cmd: preprocess
  insize=38601 outsize=618 ok=1
Cmd: preprocessCompute
  insize=7340 outsize=7342 ok=1
Cmd: preprocessCompute
  insize=6192 outsize=6194 ok=1
Cmd: preprocess
  insize=38611 outsize=617 ok=1
Cmd: preprocessCompute
  insize=7242 outsize=7244 ok=1
Cmd: preprocessCompute
  insize=6842 outsize=6844 ok=1
Cmd: preprocess
  insize=38601 outsize=618 ok=1
Cmd: preprocessCompute
  insize=7340 outsize=7342 ok=1
Cmd: preprocessCompute
  insize=6192 outsize=6194 ok=1
Cmd: preprocess
  insize=38611 outsize=617 ok=1
Cmd: preprocessCompute
  insize=7242 outsize=7244 ok=1
Cmd: preprocessCompute
  insize=6842 outsize=6844 ok=1
Cmd: preprocess
  insize=38601 outsize=618 ok=1
Cmd: preprocessCompute
  insize=7340 outsize=7342 ok=1
Cmd: preprocessCompute
  insize=6192 outsize=6194 ok=1
Cmd: preprocess
  insize=38611 outsize=617 ok=1
Cmd: preprocessCompute
  insize=7242 outsize=7244 ok=1
Cmd: preprocessCompute
  insize=6842 outsize=6844 ok=1
Cmd: preprocess
  insize=38601 outsize=618 ok=1
Cmd: preprocessCompute
  insize=7340 outsize=7342 ok=1
Cmd: preprocessCompute
  insize=6192 outsize=6194 ok=1
Cmd: preprocess
  insize=38611 outsize=617 ok=1
Cmd: preprocessCompute
  insize=7242 outsize=7244 ok=1
Cmd: preprocessCompute
  insize=6842 outsize=6844 ok=1
Cmd: preprocess
  insize=38601 outsize=618 ok=1
Cmd: preprocessCompute
  insize=7340 outsize=7342 ok=1
Cmd: preprocessCompute
  insize=6192 outsize=6194 ok=1
Cmd: preprocess
  insize=38611 outsize=617 ok=1
Cmd: preprocessCompute
  insize=7242 outsize=7244 ok=1
Cmd: preprocessCompute
  insize=6842 outsize=6844 ok=1
Cmd: preprocess
  insize=38601 outsize=618 ok=1
Cmd: preprocessCompute
  insize=7340 outsize=7342 ok=1
Cmd: preprocessCompute
  insize=6192 outsize=6194 ok=1
Cmd: preprocess
  insize=38611 outsize=617 ok=1
Cmd: preprocessCompute
  insize=7242 outsize=7244 ok=1
Cmd: preprocessCompute
  insize=6842 outsize=6844 ok=1
Cmd: preprocess
  insize=38601 outsize=618 ok=1
Cmd: preprocessCompute
  insize=7340 outsize=7342 ok=1
Cmd: preprocessCompute
  insize=6192 outsize=6194 ok=1
Cmd: preprocess
  insize=38611 outsize=617 ok=1
Cmd: preprocessCompute
  insize=7242 outsize=7244 ok=1
Cmd: preprocessCompute
  insize=6842 outsize=6844 ok=1
Cmd: preprocess
  insize=38601 outsize=618 ok=1
Cmd: preprocessCompute
  insize=7342 outsize=7344 ok=1
Cmd: compileComputeKernel
  api=4 insize=7344 outsize=3304 ok=1
Cmd: preprocessCompute
  insize=6196 outsize=6198 ok=1
Cmd: compileComputeKernel
  api=4 insize=6198 outsize=1505 ok=1
Cmd: preprocess
  insize=38615 outsize=618 ok=1
Cmd: preprocessCompute
  insize=7242 outsize=7244 ok=1
Cmd: preprocessCompute
  insize=6842 outsize=6844 ok=1
Cmd: preprocess
  insize=38601 outsize=618 ok=1
Cmd: preprocessCompute
  insize=7342 outsize=7344 ok=1
Cmd: preprocessCompute
  insize=6196 outsize=6198 ok=1
Cmd: preprocess
  insize=38615 outsize=618 ok=1
Cmd: preprocessCompute
  insize=7242 outsize=7244 ok=1
Cmd: preprocessCompute
  insize=6842 outsize=6844 ok=1
Cmd: preprocess
  insize=38601 outsize=618 ok=1
Cmd: preprocessCompute
  insize=7346 outsize=7348 ok=1
Cmd: compileComputeKernel
  api=4 insize=7348 outsize=3304 ok=1
Cmd: preprocessCompute
  insize=6208 outsize=6210 ok=1
Cmd: compileComputeKernel
  api=4 insize=6210 outsize=1505 ok=1
Cmd: preprocess
  insize=38633 outsize=618 ok=1
Cmd: preprocessCompute
  insize=7242 outsize=7244 ok=1
Cmd: preprocessCompute
  insize=6842 outsize=6844 ok=1
Cmd: preprocess
  insize=38601 outsize=618 ok=1
Cmd: preprocessCompute
  insize=7346 outsize=7348 ok=1
Cmd: preprocessCompute
  insize=6208 outsize=6210 ok=1
Cmd: preprocess
  insize=38633 outsize=618 ok=1
Cmd: preprocessCompute
  insize=7242 outsize=7244 ok=1
Cmd: preprocessCompute
  insize=6842 outsize=6844 ok=1
Cmd: preprocess
  insize=38601 outsize=618 ok=1
Cmd: preprocessCompute
  insize=7346 outsize=7348 ok=1
Cmd: preprocessCompute
  insize=6208 outsize=6210 ok=1
Cmd: preprocess
  insize=38633 outsize=618 ok=1
Cmd: preprocessCompute
  insize=7242 outsize=7244 ok=1
Cmd: preprocessCompute
  insize=6842 outsize=6844 ok=1
Cmd: preprocess
  insize=38601 outsize=618 ok=1
Cmd: preprocessCompute
  insize=7346 outsize=7348 ok=1
Cmd: preprocessCompute
  insize=6208 outsize=6210 ok=1
Cmd: preprocess
  insize=38633 outsize=618 ok=1
Cmd: preprocessCompute
  insize=7242 outsize=7244 ok=1
Cmd: preprocessCompute
  insize=6842 outsize=6844 ok=1
Cmd: preprocess
  insize=38601 outsize=618 ok=1
Cmd: preprocessCompute
  insize=7346 outsize=7348 ok=1
Cmd: preprocessCompute
  insize=6208 outsize=6210 ok=1
Cmd: preprocess
  insize=38633 outsize=618 ok=1
Cmd: preprocessCompute
  insize=7242 outsize=7244 ok=1
Cmd: preprocessCompute
  insize=6842 outsize=6844 ok=1
Cmd: preprocess
  insize=38601 outsize=618 ok=1
Cmd: preprocessCompute
  insize=7346 outsize=7348 ok=1
Cmd: preprocessCompute
  insize=6208 outsize=6210 ok=1
Cmd: preprocess
  insize=38633 outsize=618 ok=1
Cmd: preprocessCompute
  insize=7242 outsize=7244 ok=1
Cmd: preprocessCompute
  insize=6842 outsize=6844 ok=1
Cmd: preprocess
  insize=38601 outsize=618 ok=1
Cmd: preprocessCompute
  insize=7346 outsize=7348 ok=1
Cmd: preprocessCompute
  insize=6208 outsize=6210 ok=1
Cmd: preprocess
  insize=38633 outsize=618 ok=1
Cmd: preprocessCompute
  insize=7242 outsize=7244 ok=1
Cmd: preprocessCompute
  insize=6842 outsize=6844 ok=1
Cmd: preprocess
  insize=38601 outsize=618 ok=1
Cmd: preprocessCompute
  insize=7346 outsize=7348 ok=1
Cmd: preprocessCompute
  insize=6208 outsize=6210 ok=1
Cmd: preprocess
  insize=38633 outsize=618 ok=1
Cmd: preprocessCompute
  insize=7242 outsize=7244 ok=1
Cmd: preprocessCompute
  insize=6842 outsize=6844 ok=1
Cmd: preprocess
  insize=38601 outsize=618 ok=1
Cmd: preprocessCompute
  insize=7346 outsize=7348 ok=1
Cmd: preprocessCompute
  insize=6208 outsize=6210 ok=1
Cmd: preprocess
  insize=38633 outsize=618 ok=1
Cmd: preprocessCompute
  insize=7225 outsize=7227 ok=1
Cmd: compileComputeKernel
  api=4 insize=7227 outsize=2665 ok=1
Cmd: preprocessCompute
  insize=6842 outsize=6844 ok=1
Cmd: preprocess
  insize=38601 outsize=618 ok=1
Cmd: preprocessCompute
  insize=7335 outsize=7337 ok=1
Cmd: compileComputeKernel
  api=4 insize=7337 outsize=3192 ok=1
Cmd: preprocessCompute
  insize=6255 outsize=6257 ok=1
Cmd: compileComputeKernel
  api=4 insize=6257 outsize=1482 ok=1
Cmd: preprocess
  insize=38633 outsize=618 ok=1
Cmd: preprocessCompute
  insize=7225 outsize=7227 ok=1
Cmd: preprocessCompute
  insize=6842 outsize=6844 ok=1
Cmd: preprocess
  insize=38601 outsize=618 ok=1
Cmd: preprocessCompute
  insize=7335 outsize=7337 ok=1
Cmd: preprocessCompute
  insize=6255 outsize=6257 ok=1
Cmd: preprocess
  insize=38633 outsize=618 ok=1
